Started by user [8mha:////4N85OiWNoNhv3Htks6RpMGNbOXpsn8Gu/DmQkYpglGbKAAAAlx+LCAAAAAAAAP9b85aBtbiIQTGjNKU4P08vOT+vOD8nVc83PyU1x6OyILUoJzMv2y+/JJUBAhiZGBgqihhk0NSjKDWzXb3RdlLBUSYGJk8GtpzUvPSSDB8G5tKinBIGIZ+sxLJE/ZzEvHT94JKizLx0a6BxUmjGOUNodHsLgAzeEgZu/dLi1CL9xJTczDwACG0V4sAAAAA=[0mAndrei Batura
Running as SYSTEM
Building in workspace /var/jenkins_home/workspace/module-5-abatura-build-scheduled
using credential f52db772-53aa-47d2-8513-5056e3df7da8
 > /usr/bin/git rev-parse --is-inside-work-tree # timeout=10
Fetching changes from the remote Git repository
 > /usr/bin/git config remote.origin.url https://github.com/MNT-Lab/build-t00ls # timeout=10
Fetching upstream changes from https://github.com/MNT-Lab/build-t00ls
 > /usr/bin/git --version # timeout=10
using GIT_ASKPASS to set credentials 
 > /usr/bin/git fetch --tags --progress -- https://github.com/MNT-Lab/build-t00ls +refs/heads/*:refs/remotes/origin/* # timeout=10
 > /usr/bin/git rev-parse refs/remotes/origin/abatura^{commit} # timeout=10
 > /usr/bin/git rev-parse refs/remotes/origin/origin/abatura^{commit} # timeout=10
Checking out Revision e894de999cd360582d3270d715e0242be82541f0 (refs/remotes/origin/abatura)
 > /usr/bin/git config core.sparsecheckout # timeout=10
 > /usr/bin/git checkout -f e894de999cd360582d3270d715e0242be82541f0 # timeout=10
Commit message: "v0.11"
 > /usr/bin/git rev-list --no-walk e894de999cd360582d3270d715e0242be82541f0 # timeout=10
[Gradle] - Launching build.
[module-5-abatura-build-scheduled] $ /var/jenkins_home/tools/hudson.plugins.gradle.GradleInstallation/Gradle_6.3/bin/gradle test -b ./home-task/build.gradle
Starting a Gradle Daemon (subsequent builds will be faster)
[8mha:////4Pmqv+FjoXSwxFvLsy9lV5KpDKCg2MTkoU3DGK4kZq0GAAAAYB+LCAAAAAAAAP9b85aBtbiIQSWjNKU4P0+vIKc0PTOvWC+9KDElJ1XPHUyFJBZn++WXpCqzh62PfDo/h4mBoaKIQQqqJTk/rzgfqNYZQoMUMkAAI0hhAQASWqbMYgAAAA==[0m> Task :compileJava
[8mha:////4Pmqv+FjoXSwxFvLsy9lV5KpDKCg2MTkoU3DGK4kZq0GAAAAYB+LCAAAAAAAAP9b85aBtbiIQSWjNKU4P0+vIKc0PTOvWC+9KDElJ1XPHUyFJBZn++WXpCqzh62PfDo/h4mBoaKIQQqqJTk/rzgfqNYZQoMUMkAAI0hhAQASWqbMYgAAAA==[0m> Task :processResources
[8mha:////4Pmqv+FjoXSwxFvLsy9lV5KpDKCg2MTkoU3DGK4kZq0GAAAAYB+LCAAAAAAAAP9b85aBtbiIQSWjNKU4P0+vIKc0PTOvWC+9KDElJ1XPHUyFJBZn++WXpCqzh62PfDo/h4mBoaKIQQqqJTk/rzgfqNYZQoMUMkAAI0hhAQASWqbMYgAAAA==[0m> Task :classes
[8mha:////4Pmqv+FjoXSwxFvLsy9lV5KpDKCg2MTkoU3DGK4kZq0GAAAAYB+LCAAAAAAAAP9b85aBtbiIQSWjNKU4P0+vIKc0PTOvWC+9KDElJ1XPHUyFJBZn++WXpCqzh62PfDo/h4mBoaKIQQqqJTk/rzgfqNYZQoMUMkAAI0hhAQASWqbMYgAAAA==[0m> Task :compileTestJava
[8mha:////4Pmqv+FjoXSwxFvLsy9lV5KpDKCg2MTkoU3DGK4kZq0GAAAAYB+LCAAAAAAAAP9b85aBtbiIQSWjNKU4P0+vIKc0PTOvWC+9KDElJ1XPHUyFJBZn++WXpCqzh62PfDo/h4mBoaKIQQqqJTk/rzgfqNYZQoMUMkAAI0hhAQASWqbMYgAAAA==[0m> Task :processTestResources NO-SOURCE
[8mha:////4Pmqv+FjoXSwxFvLsy9lV5KpDKCg2MTkoU3DGK4kZq0GAAAAYB+LCAAAAAAAAP9b85aBtbiIQSWjNKU4P0+vIKc0PTOvWC+9KDElJ1XPHUyFJBZn++WXpCqzh62PfDo/h4mBoaKIQQqqJTk/rzgfqNYZQoMUMkAAI0hhAQASWqbMYgAAAA==[0m> Task :testClasses
[8mha:////4Pmqv+FjoXSwxFvLsy9lV5KpDKCg2MTkoU3DGK4kZq0GAAAAYB+LCAAAAAAAAP9b85aBtbiIQSWjNKU4P0+vIKc0PTOvWC+9KDElJ1XPHUyFJBZn++WXpCqzh62PfDo/h4mBoaKIQQqqJTk/rzgfqNYZQoMUMkAAI0hhAQASWqbMYgAAAA==[0m> Task :test

[8mha:////4Ha5QFElMsJqOOhLvufFS9q5eyTuMGjfC2WhhtntkSpnAAAAYx+LCAAAAAAAAP9b85aBtbiIQT2jNKU4P0+vIKc0PTOvWC+9KDElJ1XPHUz5l5Yk5+em+uWXpNbNmqZ4mHPZIiYGhooiBimoruT8vOJ8oHJnCA1SyAABjCCFBQBI197DZQAAAA==[0mBUILD SUCCESSFUL in 15s
4 actionable tasks: 4 executed
Build step 'Invoke Gradle script' changed build result to SUCCESS
[module-5-abatura-build-scheduled] $ /bin/sh -xe /tmp/jenkins6259889570012300296.sh
+ tar -cfzv module-5-20.tar.gz /var/jenkins_home/workspace/module-5-abatura-build-scheduled/home-task/build/libs/abatura_artifact-0.1.jar
tar: module-5-20.tar.gz: Cannot stat: No such file or directory
tar: Removing leading `/' from member names
tar: Exiting with failure status due to previous errors
Build step 'Execute shell' marked build as failure
Archiving artifacts
Recording test results
Sending e-mails to: andrei_batura@epam.com
ERROR: 534-5.7.14 <https://accounts.google.com/signin/continue?sarp=1&scc=1&plt=AKgnsbs
534-5.7.14 RmZ4kWU59Y_trQzeapiZdVO44dc2CqJ5lE1Plu1wPOQcmFQlVChbo8Rx_TCThy-x1ZZB1
534-5.7.14 _uCv2_AAqXcIGMVFd5sVI1XK_WHO4JnoEcgHIH0N2wfL15fxwshfwvUHSRJzEvhM>
534-5.7.14 Please log in via your web browser and then try again.
534-5.7.14  Learn more at
534 5.7.14  https://support.google.com/mail/answer/78754 o23sm4804939ild.33 - gsmtp

javax.mail.AuthenticationFailedException: 534-5.7.14 <https://accounts.google.com/signin/continue?sarp=1&scc=1&plt=AKgnsbs
534-5.7.14 RmZ4kWU59Y_trQzeapiZdVO44dc2CqJ5lE1Plu1wPOQcmFQlVChbo8Rx_TCThy-x1ZZB1
534-5.7.14 _uCv2_AAqXcIGMVFd5sVI1XK_WHO4JnoEcgHIH0N2wfL15fxwshfwvUHSRJzEvhM>
534-5.7.14 Please log in via your web browser and then try again.
534-5.7.14  Learn more at
534 5.7.14  https://support.google.com/mail/answer/78754 o23sm4804939ild.33 - gsmtp

	at com.sun.mail.smtp.SMTPTransport$Authenticator.authenticate(SMTPTransport.java:809)
	at com.sun.mail.smtp.SMTPTransport.authenticate(SMTPTransport.java:752)
	at com.sun.mail.smtp.SMTPTransport.protocolConnect(SMTPTransport.java:669)
	at javax.mail.Service.connect(Service.java:317)
	at javax.mail.Service.connect(Service.java:176)
	at javax.mail.Service.connect(Service.java:125)
	at javax.mail.Transport.send0(Transport.java:194)
	at javax.mail.Transport.send(Transport.java:124)
	at hudson.tasks.MailSender.run(MailSender.java:130)
	at hudson.tasks.Mailer.perform(Mailer.java:175)
	at hudson.tasks.Mailer.perform(Mailer.java:138)
	at hudson.tasks.BuildStepMonitor$1.perform(BuildStepMonitor.java:20)
	at hudson.model.AbstractBuild$AbstractBuildExecution.perform(AbstractBuild.java:741)
	at hudson.model.AbstractBuild$AbstractBuildExecution.performAllBuildSteps(AbstractBuild.java:690)
	at hudson.model.Build$BuildExecution.post2(Build.java:186)
	at hudson.model.AbstractBuild$AbstractBuildExecution.post(AbstractBuild.java:635)
	at hudson.model.Run.execute(Run.java:1881)
	at hudson.model.FreeStyleBuild.run(FreeStyleBuild.java:43)
	at hudson.model.ResourceController.execute(ResourceController.java:97)
	at hudson.model.Executor.run(Executor.java:428)
Finished: FAILURE
