Started by timer
Running as SYSTEM
Building in workspace /var/jenkins_home/workspace/abatura-Job1
Installing JDK jdk-8u221-oth-JPR
Downloading JDK from https://download.oracle.com/otn/java/jdk/8u221-b11/230deb18db3e4014bb8e3e8324f81b43/jdk-8u221-linux-x64.tar.gz
[8mha:////4LoeTW8LXki8i2SpQWSEzkiarSYcugiuc0bWxW5jMlKyAAAAsh+LCAAAAAAAAP9djDEOgkAQRUeMHsDSeAa2syE0YiFKaDzBBiaIjrub2cFA5R28hjYewuN4BzFY+Zv/mvceb5h4hsWhKb01YWGNt4ThpnPIVJtTbgWX8f0Z39wrgCCFKaGp5JDBuGESmGVHfdGKtKnUXrg2VdQyzP9yyfDfGAwbBQCt6+EqEKkSfcG1E8urLtdnVD9frCUfbte71HjRRMgKjSAnjGUPtaYPq19LNcAAAAA=[0mOracle now requires Oracle account to download previous versions of JDK. Please specify your Oracle account username/password.
FATAL: command execution failed
hudson.AbortException: Unable to install JDK unless a valid Oracle account username/password is provided in the system configuration.
	at hudson.tools.JDKInstaller.locate(JDKInstaller.java:539)
	at hudson.tools.JDKInstaller.performInstallation(JDKInstaller.java:150)
	at hudson.tools.InstallerTranslator.getToolHome(InstallerTranslator.java:69)
	at hudson.tools.ToolLocationNodeProperty.getToolHome(ToolLocationNodeProperty.java:109)
	at hudson.tools.ToolInstallation.translateFor(ToolInstallation.java:206)
	at hudson.model.JDK.forNode(JDK.java:148)
	at hudson.model.AbstractProject.getEnvironment(AbstractProject.java:341)
	at hudson.model.Run.getEnvironment(Run.java:2386)
	at hudson.model.AbstractBuild.getEnvironment(AbstractBuild.java:864)
	at hudson.tasks.CommandInterpreter.perform(CommandInterpreter.java:102)
	at hudson.tasks.CommandInterpreter.perform(CommandInterpreter.java:66)
	at hudson.tasks.BuildStepMonitor$1.perform(BuildStepMonitor.java:20)
	at hudson.model.AbstractBuild$AbstractBuildExecution.perform(AbstractBuild.java:741)
	at hudson.model.Build$BuildExecution.build(Build.java:206)
	at hudson.model.Build$BuildExecution.doRun(Build.java:163)
	at hudson.model.AbstractBuild$AbstractBuildExecution.run(AbstractBuild.java:504)
	at hudson.model.Run.execute(Run.java:1856)
	at hudson.model.FreeStyleBuild.run(FreeStyleBuild.java:43)
	at hudson.model.ResourceController.execute(ResourceController.java:97)
	at hudson.model.Executor.run(Executor.java:428)
Build step 'Execute shell' marked build as failure
Finished: FAILURE
