Started by user [8mha:////4N85OiWNoNhv3Htks6RpMGNbOXpsn8Gu/DmQkYpglGbKAAAAlx+LCAAAAAAAAP9b85aBtbiIQTGjNKU4P08vOT+vOD8nVc83PyU1x6OyILUoJzMv2y+/JJUBAhiZGBgqihhk0NSjKDWzXb3RdlLBUSYGJk8GtpzUvPSSDB8G5tKinBIGIZ+sxLJE/ZzEvHT94JKizLx0a6BxUmjGOUNodHsLgAzeEgZu/dLi1CL9xJTczDwACG0V4sAAAAA=[0mAndrei Batura
Running as SYSTEM
Building in workspace /var/jenkins_home/workspace/helloworld-abatura-gradle-build
No credentials specified
 > git rev-parse --is-inside-work-tree # timeout=10
Fetching changes from the remote Git repository
 > git config remote.origin.url https://github.com/MNT-Lab/build-t00ls.git # timeout=10
Fetching upstream changes from https://github.com/MNT-Lab/build-t00ls.git
 > git --version # timeout=10
 > git fetch --tags --progress -- https://github.com/MNT-Lab/build-t00ls.git +refs/heads/*:refs/remotes/origin/* # timeout=10
 > git rev-parse refs/remotes/origin/abatura^{commit} # timeout=10
 > git rev-parse refs/remotes/origin/origin/abatura^{commit} # timeout=10
Checking out Revision e894de999cd360582d3270d715e0242be82541f0 (refs/remotes/origin/abatura)
 > git config core.sparsecheckout # timeout=10
 > git checkout -f e894de999cd360582d3270d715e0242be82541f0 # timeout=10
Commit message: "v0.11"
 > git rev-list --no-walk e894de999cd360582d3270d715e0242be82541f0 # timeout=10
[Gradle] - Launching build.
[helloworld-abatura-gradle-build] $ gradle build -b ./home-task/build.gradle
FATAL: command execution failed
java.io.IOException: Cannot run program "gradle" (in directory "/var/jenkins_home/workspace/helloworld-abatura-gradle-build"): error=2, No such file or directory
	at java.lang.ProcessBuilder.start(ProcessBuilder.java:1048)
	at hudson.Proc$LocalProc.<init>(Proc.java:252)
	at hudson.Proc$LocalProc.<init>(Proc.java:221)
	at hudson.Launcher$LocalLauncher.launch(Launcher.java:936)
	at hudson.Launcher$ProcStarter.start(Launcher.java:454)
	at hudson.Launcher$ProcStarter.join(Launcher.java:465)
	at hudson.plugins.gradle.Gradle.perform(Gradle.java:317)
	at hudson.tasks.BuildStepMonitor$1.perform(BuildStepMonitor.java:20)
	at hudson.model.AbstractBuild$AbstractBuildExecution.perform(AbstractBuild.java:741)
	at hudson.model.Build$BuildExecution.build(Build.java:206)
	at hudson.model.Build$BuildExecution.doRun(Build.java:163)
	at hudson.model.AbstractBuild$AbstractBuildExecution.run(AbstractBuild.java:504)
	at hudson.model.Run.execute(Run.java:1856)
	at hudson.model.FreeStyleBuild.run(FreeStyleBuild.java:43)
	at hudson.model.ResourceController.execute(ResourceController.java:97)
	at hudson.model.Executor.run(Executor.java:428)
Caused by: java.io.IOException: error=2, No such file or directory
	at java.lang.UNIXProcess.forkAndExec(Native Method)
	at java.lang.UNIXProcess.<init>(UNIXProcess.java:247)
	at java.lang.ProcessImpl.start(ProcessImpl.java:134)
	at java.lang.ProcessBuilder.start(ProcessBuilder.java:1029)
	... 15 more
Build step 'Invoke Gradle script' changed build result to FAILURE
Build step 'Invoke Gradle script' marked build as failure
Archiving artifacts
Finished: FAILURE
